<?xml version="1.0" encoding="UTF-8"?>
<!-- Generated by org.testng.reporters.JUnitXMLReporter -->
<testsuite ignored="0" hostname="LAPTOP-8D0MBPQA" failures="0" tests="4" name="TestModule1" time="0.041" errors="0" timestamp="2024-05-10T12:14:07 IST">
  <testcase classname="testschecks.DataProviderTc" name="checkingTakingScreenshots" time="0.01"/>
  <testcase classname="testschecks.DataProviderTc" name="dataProviderTestCase" time="0.008"/>
  <testcase classname="testschecks.DataProviderTc" name="dataProviderTestCase" time="0.0"/>
  <testcase classname="testschecks.DataProviderTc" name="dataProviderTestCase" time="0.0"/>
</testsuite> <!-- TestModule1 -->
